# JRE version: OpenJDK Runtime Environment Temurin-21.0.10+7 (21.0.10+7) (build 21.0.10+7-LTS)
# Java VM: OpenJDK 64-Bit Server VM Temurin-21.0.10+7 (21.0.10+7-LTS, mixed mode, sharing, tiered, compressed oops, compressed class ptrs, parallel gc, windows-amd64)
GC Precious Log:
 CardTable entry size: 512
 CPUs: 8 total, 8 available
 Memory: 5965M
 Large Page Support: Disabled
 NUMA Support: Disabled
 Compressed Oops: Enabled (32-bit)
 Alignments: Space 512K, Generation 512K, Heap 2M
 Heap Min Capacity: 100M
 Heap Initial Capacity: 100M
 Heap Max Capacity: 2G
 Pre-touch: Disabled
 Parallel Workers: 8
Heap:
 PSYoungGen      total 2048K, used 802K [0x00000000d5580000, 0x00000000d5900000, 0x0000000100000000)
  eden space 1536K, 19% used [0x00000000d5580000,0x00000000d55caa80,0x00000000d5700000)
  from space 512K, 98% used [0x00000000d5880000,0x00000000d58fe000,0x00000000d5900000)
  to   space 1024K, 0% used [0x00000000d5700000,0x00000000d5700000,0x00000000d5800000)
 ParOldGen       total 584192K, used 583789K [0x0000000080000000, 0x00000000a3a80000, 0x00000000d5580000)
  object space 584192K, 99% used [0x0000000080000000,0x00000000a3a1b5c8,0x00000000a3a80000)
 Metaspace       used 74864K, committed 76544K, reserved 1179648K
  class space    used 7725K, committed 8512K, reserved 1048576K
GC Heap History (20 events):
Event: 353.956 GC heap before
{Heap before GC invocations=510 (full 3):
 PSYoungGen      total 2048K, used 2048K [0x00000000d5580000, 0x00000000d6000000, 0x0000000100000000)
  eden space 512K, 100% used [0x00000000d5580000,0x00000000d5600000,0x00000000d5600000)
  from space 1536K, 100% used [0x00000000d5900000,0x00000000d5a80000,0x00000000d5a80000)
  to   space 3072K, 0% used [0x00000000d5600000,0x00000000d5600000,0x00000000d5900000)
 ParOldGen       total 575488K, used 575163K [0x0000000080000000, 0x00000000a3200000, 0x00000000d5580000)
  object space 575488K, 99% used [0x0000000080000000,0x00000000a31aefc8,0x00000000a3200000)
 Metaspace       used 74835K, committed 76480K, reserved 1179648K
  class space    used 7725K, committed 8512K, reserved 1048576K
}
Event: 353.958 GC heap after
{Heap after GC invocations=510 (full 3):
 PSYoungGen      total 1536K, used 640K [0x00000000d5580000, 0x00000000d5a80000, 0x0000000100000000)
  eden space 512K, 0% used [0x00000000d5580000,0x00000000d5580000,0x00000000d5600000)
  from space 1024K, 62% used [0x00000000d5600000,0x00000000d56a0000,0x00000000d5700000)
  to   space 2048K, 0% used [0x00000000d5880000,0x00000000d5880000,0x00000000d5a80000)
 ParOldGen       total 577024K, used 576763K [0x0000000080000000, 0x00000000a3380000, 0x00000000d5580000)
  object space 577024K, 99% used [0x0000000080000000,0x00000000a333efc8,0x00000000a3380000)
 Metaspace       used 74835K, committed 76480K, reserved 1179648K
  class space    used 7725K, committed 8512K, reserved 1048576K
}
Event: 353.960 GC heap before
{Heap before GC invocations=511 (full 3):
 PSYoungGen      total 1536K, used 1151K [0x00000000d5580000, 0x00000000d5a80000, 0x0000000100000000)
  eden space 512K, 99% used [0x00000000d5580000,0x00000000d55fffd8,0x00000000d5600000)
  from space 1024K, 62% used [0x00000000d5600000,0x00000000d56a0000,0x00000000d5700000)
  to   space 2048K, 0% used [0x00000000d5880000,0x00000000d5880000,0x00000000d5a80000)
 ParOldGen       total 577024K, used 576763K [0x0000000080000000, 0x00000000a3380000, 0x00000000d5580000)
  object space 577024K, 99% used [0x0000000080000000,0x00000000a333efc8,0x00000000a3380000)
 Metaspace       used 74835K, committed 76480K, reserved 1179648K
  class space    used 7725K, committed 8512K, reserved 1048576K
}
Event: 353.962 GC heap after
{Heap after GC invocations=511 (full 3):
 PSYoungGen      total 2048K, used 640K [0x00000000d5580000, 0x00000000d5980000, 0x0000000100000000)
  eden space 1024K, 0% used [0x00000000d5580000,0x00000000d5580000,0x00000000d5680000)
  from space 1024K, 62% used [0x00000000d5880000,0x00000000d5920000,0x00000000d5980000)
  to   space 1024K, 0% used [0x00000000d5780000,0x00000000d5780000,0x00000000d5880000)
 ParOldGen       total 577536K, used 577283K [0x0000000080000000, 0x00000000a3400000, 0x00000000d5580000)
  object space 577536K, 99% used [0x0000000080000000,0x00000000a33c0fc8,0x00000000a3400000)
 Metaspace       used 74835K, committed 76480K, reserved 1179648K
  class space    used 7725K, committed 8512K, reserved 1048576K
}
Event: 353.965 GC heap before
{Heap before GC invocations=512 (full 3):
 PSYoungGen      total 2048K, used 1649K [0x00000000d5580000, 0x00000000d5980000, 0x0000000100000000)
  eden space 1024K, 98% used [0x00000000d5580000,0x00000000d567c4a8,0x00000000d5680000)
  from space 1024K, 62% used [0x00000000d5880000,0x00000000d5920000,0x00000000d5980000)
  to   space 1024K, 0% used [0x00000000d5780000,0x00000000d5780000,0x00000000d5880000)
 ParOldGen       total 577536K, used 577283K [0x0000000080000000, 0x00000000a3400000, 0x00000000d5580000)
  object space 577536K, 99% used [0x0000000080000000,0x00000000a33c0fc8,0x00000000a3400000)
 Metaspace       used 74835K, committed 76480K, reserved 1179648K
  class space    used 7725K, committed 8512K, reserved 1048576K
}
Event: 353.967 GC heap after
{Heap after GC invocations=512 (full 3):
 PSYoungGen      total 2560K, used 998K [0x00000000d5580000, 0x00000000d5a00000, 0x0000000100000000)
  eden space 1536K, 0% used [0x00000000d5580000,0x00000000d5580000,0x00000000d5700000)
  from space 1024K, 97% used [0x00000000d5780000,0x00000000d5879800,0x00000000d5880000)
  to   space 1536K, 0% used [0x00000000d5880000,0x00000000d5880000,0x00000000d5a00000)
 ParOldGen       total 578048K, used 577787K [0x0000000080000000, 0x00000000a3480000, 0x00000000d5580000)
  object space 578048K, 99% used [0x0000000080000000,0x00000000a343efc8,0x00000000a3480000)
 Metaspace       used 74835K, committed 76480K, reserved 1179648K
  class space    used 7725K, committed 8512K, reserved 1048576K
}
Event: 353.982 GC heap before
{Heap before GC invocations=513 (full 3):
 PSYoungGen      total 2560K, used 2534K [0x00000000d5580000, 0x00000000d5a00000, 0x0000000100000000)
  eden space 1536K, 100% used [0x00000000d5580000,0x00000000d5700000,0x00000000d5700000)
  from space 1024K, 97% used [0x00000000d5780000,0x00000000d5879800,0x00000000d5880000)
  to   space 1536K, 0% used [0x00000000d5880000,0x00000000d5880000,0x00000000d5a00000)
 ParOldGen       total 578048K, used 577787K [0x0000000080000000, 0x00000000a3480000, 0x00000000d5580000)
  object space 578048K, 99% used [0x0000000080000000,0x00000000a343efc8,0x00000000a3480000)
 Metaspace       used 74835K, committed 76480K, reserved 1179648K
  class space    used 7725K, committed 8512K, reserved 1048576K
}
Event: 353.985 GC heap after
{Heap after GC invocations=513 (full 3):
 PSYoungGen      total 3072K, used 1264K [0x00000000d5580000, 0x00000000d5a80000, 0x0000000100000000)
  eden space 1536K, 0% used [0x00000000d5580000,0x00000000d5580000,0x00000000d5700000)
  from space 1536K, 82% used [0x00000000d5880000,0x00000000d59bc000,0x00000000d5a00000)
  to   space 1536K, 0% used [0x00000000d5700000,0x00000000d5700000,0x00000000d5880000)
 ParOldGen       total 579072K, used 578659K [0x0000000080000000, 0x00000000a3580000, 0x00000000d5580000)
  object space 579072K, 99% used [0x0000000080000000,0x00000000a3518fc8,0x00000000a3580000)
 Metaspace       used 74835K, committed 76480K, reserved 1179648K
  class space    used 7725K, committed 8512K, reserved 1048576K
}
Event: 354.009 GC heap before
{Heap before GC invocations=514 (full 3):
 PSYoungGen      total 3072K, used 2800K [0x00000000d5580000, 0x00000000d5a80000, 0x0000000100000000)
  eden space 1536K, 100% used [0x00000000d5580000,0x00000000d5700000,0x00000000d5700000)
  from space 1536K, 82% used [0x00000000d5880000,0x00000000d59bc000,0x00000000d5a00000)
  to   space 1536K, 0% used [0x00000000d5700000,0x00000000d5700000,0x00000000d5880000)
 ParOldGen       total 579072K, used 578659K [0x0000000080000000, 0x00000000a3580000, 0x00000000d5580000)
  object space 579072K, 99% used [0x0000000080000000,0x00000000a3518fc8,0x00000000a3580000)
 Metaspace       used 74839K, committed 76544K, reserved 1179648K
  class space    used 7725K, committed 8512K, reserved 1048576K
}
Event: 354.012 GC heap after
{Heap after GC invocations=514 (full 3):
 PSYoungGen      total 3072K, used 1385K [0x00000000d5580000, 0x00000000d5a80000, 0x0000000100000000)
  eden space 1536K, 0% used [0x00000000d5580000,0x00000000d5580000,0x00000000d5700000)
  from space 1536K, 90% used [0x00000000d5700000,0x00000000d585a610,0x00000000d5880000)
  to   space 1536K, 0% used [0x00000000d5900000,0x00000000d5900000,0x00000000d5a80000)
 ParOldGen       total 580096K, used 579803K [0x0000000080000000, 0x00000000a3680000, 0x00000000d5580000)
  object space 580096K, 99% used [0x0000000080000000,0x00000000a3636fc8,0x00000000a3680000)
 Metaspace       used 74839K, committed 76544K, reserved 1179648K
  class space    used 7725K, committed 8512K, reserved 1048576K
}
Event: 354.016 GC heap before
{Heap before GC invocations=515 (full 3):
 PSYoungGen      total 3072K, used 2921K [0x00000000d5580000, 0x00000000d5a80000, 0x0000000100000000)
  eden space 1536K, 100% used [0x00000000d5580000,0x00000000d5700000,0x00000000d5700000)
  from space 1536K, 90% used [0x00000000d5700000,0x00000000d585a610,0x00000000d5880000)
  to   space 1536K, 0% used [0x00000000d5900000,0x00000000d5900000,0x00000000d5a80000)
 ParOldGen       total 580096K, used 579803K [0x0000000080000000, 0x00000000a3680000, 0x00000000d5580000)
  object space 580096K, 99% used [0x0000000080000000,0x00000000a3636fc8,0x00000000a3680000)
 Metaspace       used 74841K, committed 76544K, reserved 1179648K
  class space    used 7725K, committed 8512K, reserved 1048576K
}
Event: 354.020 GC heap after
{Heap after GC invocations=515 (full 3):
 PSYoungGen      total 2048K, used 1536K [0x00000000d5580000, 0x00000000d5d80000, 0x0000000100000000)
  eden space 512K, 0% used [0x00000000d5580000,0x00000000d5580000,0x00000000d5600000)
  from space 1536K, 100% used [0x00000000d5900000,0x00000000d5a80000,0x00000000d5a80000)
  to   space 3072K, 0% used [0x00000000d5600000,0x00000000d5600000,0x00000000d5900000)
 ParOldGen       total 581120K, used 581085K [0x0000000080000000, 0x00000000a3780000, 0x00000000d5580000)
  object space 581120K, 99% used [0x0000000080000000,0x00000000a37775c8,0x00000000a3780000)
 Metaspace       used 74841K, committed 76544K, reserved 1179648K
  class space    used 7725K, committed 8512K, reserved 1048576K
}
Event: 354.023 GC heap before
{Heap before GC invocations=516 (full 3):
 PSYoungGen      total 2048K, used 2048K [0x00000000d5580000, 0x00000000d5d80000, 0x0000000100000000)
  eden space 512K, 100% used [0x00000000d5580000,0x00000000d5600000,0x00000000d5600000)
  from space 1536K, 100% used [0x00000000d5900000,0x00000000d5a80000,0x00000000d5a80000)
  to   space 3072K, 0% used [0x00000000d5600000,0x00000000d5600000,0x00000000d5900000)
 ParOldGen       total 581120K, used 581085K [0x0000000080000000, 0x00000000a3780000, 0x00000000d5580000)
  object space 581120K, 99% used [0x0000000080000000,0x00000000a37775c8,0x00000000a3780000)
 Metaspace       used 74844K, committed 76544K, reserved 1179648K
  class space    used 7725K, committed 8512K, reserved 1048576K
}
Event: 354.029 GC heap after
{Heap after GC invocations=516 (full 3):
 PSYoungGen      total 1536K, used 576K [0x00000000d5580000, 0x00000000d5980000, 0x0000000100000000)
  eden space 512K, 0% used [0x00000000d5580000,0x00000000d5580000,0x00000000d5600000)
  from space 1024K, 56% used [0x00000000d5600000,0x00000000d5690000,0x00000000d5700000)
  to   space 1536K, 0% used [0x00000000d5800000,0x00000000d5800000,0x00000000d5980000)
 ParOldGen       total 582656K, used 582581K [0x0000000080000000, 0x00000000a3900000, 0x00000000d5580000)
  object space 582656K, 99% used [0x0000000080000000,0x00000000a38ed5c8,0x00000000a3900000)
 Metaspace       used 74844K, committed 76544K, reserved 1179648K
  class space    used 7725K, committed 8512K, reserved 1048576K
}
Event: 354.032 GC heap before
{Heap before GC invocations=517 (full 3):
 PSYoungGen      total 1536K, used 991K [0x00000000d5580000, 0x00000000d5980000, 0x0000000100000000)
  eden space 512K, 81% used [0x00000000d5580000,0x00000000d55e7f08,0x00000000d5600000)
  from space 1024K, 56% used [0x00000000d5600000,0x00000000d5690000,0x00000000d5700000)
  to   space 1536K, 0% used [0x00000000d5800000,0x00000000d5800000,0x00000000d5980000)
 ParOldGen       total 582656K, used 582581K [0x0000000080000000, 0x00000000a3900000, 0x00000000d5580000)
  object space 582656K, 99% used [0x0000000080000000,0x00000000a38ed5c8,0x00000000a3900000)
 Metaspace       used 74844K, committed 76544K, reserved 1179648K
  class space    used 7725K, committed 8512K, reserved 1048576K
}
Event: 354.034 GC heap after
{Heap after GC invocations=517 (full 3):
 PSYoungGen      total 1536K, used 460K [0x00000000d5580000, 0x00000000d5880000, 0x0000000100000000)
  eden space 1024K, 0% used [0x00000000d5580000,0x00000000d5580000,0x00000000d5680000)
  from space 512K, 89% used [0x00000000d5800000,0x00000000d5873000,0x00000000d5880000)
  to   space 1024K, 0% used [0x00000000d5680000,0x00000000d5680000,0x00000000d5780000)
 ParOldGen       total 583168K, used 583013K [0x0000000080000000, 0x00000000a3980000, 0x00000000d5580000)
  object space 583168K, 99% used [0x0000000080000000,0x00000000a39595c8,0x00000000a3980000)
 Metaspace       used 74844K, committed 76544K, reserved 1179648K
  class space    used 7725K, committed 8512K, reserved 1048576K
}
Event: 354.038 GC heap before
{Heap before GC invocations=518 (full 3):
 PSYoungGen      total 1536K, used 1285K [0x00000000d5580000, 0x00000000d5880000, 0x0000000100000000)
  eden space 1024K, 80% used [0x00000000d5580000,0x00000000d564e5b8,0x00000000d5680000)
  from space 512K, 89% used [0x00000000d5800000,0x00000000d5873000,0x00000000d5880000)
  to   space 1024K, 0% used [0x00000000d5680000,0x00000000d5680000,0x00000000d5780000)
 ParOldGen       total 583168K, used 583013K [0x0000000080000000, 0x00000000a3980000, 0x00000000d5580000)
  object space 583168K, 99% used [0x0000000080000000,0x00000000a39595c8,0x00000000a3980000)
 Metaspace       used 74844K, committed 76544K, reserved 1179648K
  class space    used 7725K, committed 8512K, reserved 1048576K
}
Event: 354.040 GC heap after
{Heap after GC invocations=518 (full 3):
 PSYoungGen      total 2048K, used 976K [0x00000000d5580000, 0x00000000d5a00000, 0x0000000100000000)
  eden space 1024K, 0% used [0x00000000d5580000,0x00000000d5580000,0x00000000d5680000)
  from space 1024K, 95% used [0x00000000d5680000,0x00000000d5774000,0x00000000d5780000)
  to   space 1536K, 0% used [0x00000000d5880000,0x00000000d5880000,0x00000000d5a00000)
 ParOldGen       total 583680K, used 583237K [0x0000000080000000, 0x00000000a3a00000, 0x00000000d5580000)
  object space 583680K, 99% used [0x0000000080000000,0x00000000a39915c8,0x00000000a3a00000)
 Metaspace       used 74844K, committed 76544K, reserved 1179648K
  class space    used 7725K, committed 8512K, reserved 1048576K
}
Event: 646.085 GC heap before
{Heap before GC invocations=519 (full 3):
 PSYoungGen      total 2048K, used 1999K [0x00000000d5580000, 0x00000000d5a00000, 0x0000000100000000)
  eden space 1024K, 99% used [0x00000000d5580000,0x00000000d567fff0,0x00000000d5680000)
  from space 1024K, 95% used [0x00000000d5680000,0x00000000d5774000,0x00000000d5780000)
  to   space 1536K, 0% used [0x00000000d5880000,0x00000000d5880000,0x00000000d5a00000)
 ParOldGen       total 583680K, used 583237K [0x0000000080000000, 0x00000000a3a00000, 0x00000000d5580000)
  object space 583680K, 99% used [0x0000000080000000,0x00000000a39915c8,0x00000000a3a00000)
 Metaspace       used 74858K, committed 76544K, reserved 1179648K
  class space    used 7725K, committed 8512K, reserved 1048576K
}
Event: 646.271 GC heap after
{Heap after GC invocations=519 (full 3):
 PSYoungGen      total 2048K, used 504K [0x00000000d5580000, 0x00000000d5900000, 0x0000000100000000)
  eden space 1536K, 0% used [0x00000000d5580000,0x00000000d5580000,0x00000000d5700000)
  from space 512K, 98% used [0x00000000d5880000,0x00000000d58fe000,0x00000000d5900000)
  to   space 1024K, 0% used [0x00000000d5700000,0x00000000d5700000,0x00000000d5800000)
 ParOldGen       total 584192K, used 583789K [0x0000000080000000, 0x00000000a3a80000, 0x00000000d5580000)
  object space 584192K, 99% used [0x0000000080000000,0x00000000a3a1b5c8,0x00000000a3a80000)
 Metaspace       used 74858K, committed 76544K, reserved 1179648K
  class space    used 7725K, committed 8512K, reserved 1048576K
}

