# JRE version: OpenJDK Runtime Environment Temurin-21.0.10+7 (21.0.10+7) (build 21.0.10+7-LTS)
# Java VM: OpenJDK 64-Bit Server VM Temurin-21.0.10+7 (21.0.10+7-LTS, mixed mode, sharing, tiered, compressed oops, compressed class ptrs, parallel gc, windows-amd64)
GC Precious Log:
 CardTable entry size: 512
 CPUs: 8 total, 8 available
 Memory: 5965M
 Large Page Support: Disabled
 NUMA Support: Disabled
 Compressed Oops: Enabled (32-bit)
 Alignments: Space 512K, Generation 512K, Heap 2M
 Heap Min Capacity: 100M
 Heap Initial Capacity: 100M
 Heap Max Capacity: 2G
 Pre-touch: Disabled
 Parallel Workers: 8
Heap:
 PSYoungGen      total 5120K, used 3710K [0x00000000d5580000, 0x00000000d5d00000, 0x0000000100000000)
  eden space 3584K, 84% used [0x00000000d5580000,0x00000000d5877b78,0x00000000d5900000)
  from space 1536K, 43% used [0x00000000d5a00000,0x00000000d5aa8060,0x00000000d5b80000)
  to   space 1024K, 0% used [0x00000000d5c00000,0x00000000d5c00000,0x00000000d5d00000)
 ParOldGen       total 396800K, used 396633K [0x0000000080000000, 0x0000000098380000, 0x00000000d5580000)
  object space 396800K, 99% used [0x0000000080000000,0x0000000098356508,0x0000000098380000)
 Metaspace       used 52615K, committed 53888K, reserved 1114112K
  class space    used 5657K, committed 6208K, reserved 1048576K
GC Heap History (20 events):
Event: 25.361 GC heap before
{Heap before GC invocations=266 (full 2):
 PSYoungGen      total 3584K, used 2176K [0x00000000d5580000, 0x00000000d5b00000, 0x0000000100000000)
  eden space 1024K, 100% used [0x00000000d5580000,0x00000000d5680000,0x00000000d5680000)
  from space 2560K, 45% used [0x00000000d5680000,0x00000000d57a0000,0x00000000d5900000)
  to   space 2048K, 0% used [0x00000000d5900000,0x00000000d5900000,0x00000000d5b00000)
 ParOldGen       total 385024K, used 384882K [0x0000000080000000, 0x0000000097800000, 0x00000000d5580000)
  object space 385024K, 99% used [0x0000000080000000,0x00000000977dca10,0x0000000097800000)
 Metaspace       used 51460K, committed 52736K, reserved 1114112K
  class space    used 5558K, committed 6080K, reserved 1048576K
}
Event: 25.363 GC heap after
{Heap after GC invocations=266 (full 2):
 PSYoungGen      total 3072K, used 1120K [0x00000000d5580000, 0x00000000d5a80000, 0x0000000100000000)
  eden space 1536K, 0% used [0x00000000d5580000,0x00000000d5580000,0x00000000d5700000)
  from space 1536K, 72% used [0x00000000d5900000,0x00000000d5a18000,0x00000000d5a80000)
  to   space 1536K, 0% used [0x00000000d5780000,0x00000000d5780000,0x00000000d5900000)
 ParOldGen       total 386048K, used 385922K [0x0000000080000000, 0x0000000097900000, 0x00000000d5580000)
  object space 386048K, 99% used [0x0000000080000000,0x00000000978e0a10,0x0000000097900000)
 Metaspace       used 51460K, committed 52736K, reserved 1114112K
  class space    used 5558K, committed 6080K, reserved 1048576K
}
Event: 25.370 GC heap before
{Heap before GC invocations=267 (full 2):
 PSYoungGen      total 3072K, used 2655K [0x00000000d5580000, 0x00000000d5a80000, 0x0000000100000000)
  eden space 1536K, 99% used [0x00000000d5580000,0x00000000d56fffa0,0x00000000d5700000)
  from space 1536K, 72% used [0x00000000d5900000,0x00000000d5a18000,0x00000000d5a80000)
  to   space 1536K, 0% used [0x00000000d5780000,0x00000000d5780000,0x00000000d5900000)
 ParOldGen       total 386048K, used 385922K [0x0000000080000000, 0x0000000097900000, 0x00000000d5580000)
  object space 386048K, 99% used [0x0000000080000000,0x00000000978e0a10,0x0000000097900000)
 Metaspace       used 51460K, committed 52736K, reserved 1114112K
  class space    used 5558K, committed 6080K, reserved 1048576K
}
Event: 25.373 GC heap after
{Heap after GC invocations=267 (full 2):
 PSYoungGen      total 3584K, used 1536K [0x00000000d5580000, 0x00000000d5d80000, 0x0000000100000000)
  eden space 2048K, 0% used [0x00000000d5580000,0x00000000d5580000,0x00000000d5780000)
  from space 1536K, 100% used [0x00000000d5780000,0x00000000d5900000,0x00000000d5900000)
  to   space 3072K, 0% used [0x00000000d5a80000,0x00000000d5a80000,0x00000000d5d80000)
 ParOldGen       total 387072K, used 386994K [0x0000000080000000, 0x0000000097a00000, 0x00000000d5580000)
  object space 387072K, 99% used [0x0000000080000000,0x00000000979eca10,0x0000000097a00000)
 Metaspace       used 51460K, committed 52736K, reserved 1114112K
  class space    used 5558K, committed 6080K, reserved 1048576K
}
Event: 25.381 GC heap before
{Heap before GC invocations=268 (full 2):
 PSYoungGen      total 3584K, used 3584K [0x00000000d5580000, 0x00000000d5d80000, 0x0000000100000000)
  eden space 2048K, 100% used [0x00000000d5580000,0x00000000d5780000,0x00000000d5780000)
  from space 1536K, 100% used [0x00000000d5780000,0x00000000d5900000,0x00000000d5900000)
  to   space 3072K, 0% used [0x00000000d5a80000,0x00000000d5a80000,0x00000000d5d80000)
 ParOldGen       total 387072K, used 386994K [0x0000000080000000, 0x0000000097a00000, 0x00000000d5580000)
  object space 387072K, 99% used [0x0000000080000000,0x00000000979eca10,0x0000000097a00000)
 Metaspace       used 51467K, committed 52736K, reserved 1114112K
  class space    used 5558K, committed 6080K, reserved 1048576K
}
Event: 25.384 GC heap after
{Heap after GC invocations=268 (full 2):
 PSYoungGen      total 5120K, used 2217K [0x00000000d5580000, 0x00000000d5d00000, 0x0000000100000000)
  eden space 2560K, 0% used [0x00000000d5580000,0x00000000d5580000,0x00000000d5800000)
  from space 2560K, 86% used [0x00000000d5a80000,0x00000000d5caa560,0x00000000d5d00000)
  to   space 2560K, 0% used [0x00000000d5800000,0x00000000d5800000,0x00000000d5a80000)
 ParOldGen       total 388608K, used 388514K [0x0000000080000000, 0x0000000097b80000, 0x00000000d5580000)
  object space 388608K, 99% used [0x0000000080000000,0x0000000097b68a10,0x0000000097b80000)
 Metaspace       used 51467K, committed 52736K, reserved 1114112K
  class space    used 5558K, committed 6080K, reserved 1048576K
}
Event: 25.394 GC heap before
{Heap before GC invocations=269 (full 2):
 PSYoungGen      total 5120K, used 4642K [0x00000000d5580000, 0x00000000d5d00000, 0x0000000100000000)
  eden space 2560K, 94% used [0x00000000d5580000,0x00000000d57de2c0,0x00000000d5800000)
  from space 2560K, 86% used [0x00000000d5a80000,0x00000000d5caa560,0x00000000d5d00000)
  to   space 2560K, 0% used [0x00000000d5800000,0x00000000d5800000,0x00000000d5a80000)
 ParOldGen       total 388608K, used 388514K [0x0000000080000000, 0x0000000097b80000, 0x00000000d5580000)
  object space 388608K, 99% used [0x0000000080000000,0x0000000097b68a10,0x0000000097b80000)
 Metaspace       used 51467K, committed 52736K, reserved 1114112K
  class space    used 5558K, committed 6080K, reserved 1048576K
}
Event: 25.397 GC heap after
{Heap after GC invocations=269 (full 2):
 PSYoungGen      total 5120K, used 2540K [0x00000000d5580000, 0x00000000d6180000, 0x0000000100000000)
  eden space 2560K, 0% used [0x00000000d5580000,0x00000000d5580000,0x00000000d5800000)
  from space 2560K, 99% used [0x00000000d5800000,0x00000000d5a7b180,0x00000000d5a80000)
  to   space 4608K, 0% used [0x00000000d5d00000,0x00000000d5d00000,0x00000000d6180000)
 ParOldGen       total 390656K, used 390195K [0x0000000080000000, 0x0000000097d80000, 0x00000000d5580000)
  object space 390656K, 99% used [0x0000000080000000,0x0000000097d0ce80,0x0000000097d80000)
 Metaspace       used 51467K, committed 52736K, reserved 1114112K
  class space    used 5558K, committed 6080K, reserved 1048576K
}
Event: 25.404 GC heap before
{Heap before GC invocations=270 (full 2):
 PSYoungGen      total 5120K, used 5100K [0x00000000d5580000, 0x00000000d6180000, 0x0000000100000000)
  eden space 2560K, 100% used [0x00000000d5580000,0x00000000d5800000,0x00000000d5800000)
  from space 2560K, 99% used [0x00000000d5800000,0x00000000d5a7b180,0x00000000d5a80000)
  to   space 4608K, 0% used [0x00000000d5d00000,0x00000000d5d00000,0x00000000d6180000)
 ParOldGen       total 390656K, used 390195K [0x0000000080000000, 0x0000000097d80000, 0x00000000d5580000)
  object space 390656K, 99% used [0x0000000080000000,0x0000000097d0ce80,0x0000000097d80000)
 Metaspace       used 51467K, committed 52736K, reserved 1114112K
  class space    used 5558K, committed 6080K, reserved 1048576K
}
Event: 25.408 GC heap after
{Heap after GC invocations=270 (full 2):
 PSYoungGen      total 6144K, used 2672K [0x00000000d5580000, 0x00000000d6000000, 0x0000000100000000)
  eden space 3072K, 0% used [0x00000000d5580000,0x00000000d5580000,0x00000000d5880000)
  from space 3072K, 86% used [0x00000000d5d00000,0x00000000d5f9c070,0x00000000d6000000)
  to   space 3584K, 0% used [0x00000000d5900000,0x00000000d5900000,0x00000000d5c80000)
 ParOldGen       total 391168K, used 391011K [0x0000000080000000, 0x0000000097e00000, 0x00000000d5580000)
  object space 391168K, 99% used [0x0000000080000000,0x0000000097dd8e80,0x0000000097e00000)
 Metaspace       used 51467K, committed 52736K, reserved 1114112K
  class space    used 5558K, committed 6080K, reserved 1048576K
}
Event: 25.428 GC heap before
{Heap before GC invocations=271 (full 2):
 PSYoungGen      total 6144K, used 5744K [0x00000000d5580000, 0x00000000d6000000, 0x0000000100000000)
  eden space 3072K, 100% used [0x00000000d5580000,0x00000000d5880000,0x00000000d5880000)
  from space 3072K, 86% used [0x00000000d5d00000,0x00000000d5f9c070,0x00000000d6000000)
  to   space 3584K, 0% used [0x00000000d5900000,0x00000000d5900000,0x00000000d5c80000)
 ParOldGen       total 391168K, used 391011K [0x0000000080000000, 0x0000000097e00000, 0x00000000d5580000)
  object space 391168K, 99% used [0x0000000080000000,0x0000000097dd8e80,0x0000000097e00000)
 Metaspace       used 51495K, committed 52800K, reserved 1114112K
  class space    used 5560K, committed 6080K, reserved 1048576K
}
Event: 25.431 GC heap after
{Heap after GC invocations=271 (full 2):
 PSYoungGen      total 5632K, used 1808K [0x00000000d5580000, 0x00000000d5e80000, 0x0000000100000000)
  eden space 3584K, 0% used [0x00000000d5580000,0x00000000d5580000,0x00000000d5900000)
  from space 2048K, 88% used [0x00000000d5900000,0x00000000d5ac4238,0x00000000d5b00000)
  to   space 2560K, 0% used [0x00000000d5c00000,0x00000000d5c00000,0x00000000d5e80000)
 ParOldGen       total 393728K, used 393317K [0x0000000080000000, 0x0000000098080000, 0x00000000d5580000)
  object space 393728K, 99% used [0x0000000080000000,0x0000000098019480,0x0000000098080000)
 Metaspace       used 51495K, committed 52800K, reserved 1114112K
  class space    used 5560K, committed 6080K, reserved 1048576K
}
Event: 25.602 GC heap before
{Heap before GC invocations=272 (full 2):
 PSYoungGen      total 5632K, used 5392K [0x00000000d5580000, 0x00000000d5e80000, 0x0000000100000000)
  eden space 3584K, 100% used [0x00000000d5580000,0x00000000d5900000,0x00000000d5900000)
  from space 2048K, 88% used [0x00000000d5900000,0x00000000d5ac4238,0x00000000d5b00000)
  to   space 2560K, 0% used [0x00000000d5c00000,0x00000000d5c00000,0x00000000d5e80000)
 ParOldGen       total 393728K, used 393317K [0x0000000080000000, 0x0000000098080000, 0x00000000d5580000)
  object space 393728K, 99% used [0x0000000080000000,0x0000000098019480,0x0000000098080000)
 Metaspace       used 51639K, committed 52864K, reserved 1114112K
  class space    used 5576K, committed 6080K, reserved 1048576K
}
Event: 25.605 GC heap after
{Heap after GC invocations=272 (full 2):
 PSYoungGen      total 5120K, used 1139K [0x00000000d5580000, 0x00000000d5d80000, 0x0000000100000000)
  eden space 3584K, 0% used [0x00000000d5580000,0x00000000d5580000,0x00000000d5900000)
  from space 1536K, 74% used [0x00000000d5c00000,0x00000000d5d1cf18,0x00000000d5d80000)
  to   space 1536K, 0% used [0x00000000d5a80000,0x00000000d5a80000,0x00000000d5c00000)
 ParOldGen       total 395264K, used 395010K [0x0000000080000000, 0x0000000098200000, 0x00000000d5580000)
  object space 395264K, 99% used [0x0000000080000000,0x00000000981c0948,0x0000000098200000)
 Metaspace       used 51639K, committed 52864K, reserved 1114112K
  class space    used 5576K, committed 6080K, reserved 1048576K
}
Event: 25.715 GC heap before
{Heap before GC invocations=273 (full 2):
 PSYoungGen      total 5120K, used 4723K [0x00000000d5580000, 0x00000000d5d80000, 0x0000000100000000)
  eden space 3584K, 100% used [0x00000000d5580000,0x00000000d5900000,0x00000000d5900000)
  from space 1536K, 74% used [0x00000000d5c00000,0x00000000d5d1cf18,0x00000000d5d80000)
  to   space 1536K, 0% used [0x00000000d5a80000,0x00000000d5a80000,0x00000000d5c00000)
 ParOldGen       total 395264K, used 395010K [0x0000000080000000, 0x0000000098200000, 0x00000000d5580000)
  object space 395264K, 99% used [0x0000000080000000,0x00000000981c0948,0x0000000098200000)
 Metaspace       used 51866K, committed 53248K, reserved 1114112K
  class space    used 5601K, committed 6208K, reserved 1048576K
}
Event: 25.718 GC heap after
{Heap after GC invocations=273 (full 2):
 PSYoungGen      total 5120K, used 1522K [0x00000000d5580000, 0x00000000d6000000, 0x0000000100000000)
  eden space 3584K, 0% used [0x00000000d5580000,0x00000000d5580000,0x00000000d5900000)
  from space 1536K, 99% used [0x00000000d5a80000,0x00000000d5bfc8e0,0x00000000d5c00000)
  to   space 3584K, 0% used [0x00000000d5c80000,0x00000000d5c80000,0x00000000d6000000)
 ParOldGen       total 396800K, used 396344K [0x0000000080000000, 0x0000000098380000, 0x00000000d5580000)
  object space 396800K, 99% used [0x0000000080000000,0x000000009830e3b8,0x0000000098380000)
 Metaspace       used 51866K, committed 53248K, reserved 1114112K
  class space    used 5601K, committed 6208K, reserved 1048576K
}
Event: 25.854 GC heap before
{Heap before GC invocations=274 (full 2):
 PSYoungGen      total 5120K, used 5106K [0x00000000d5580000, 0x00000000d6000000, 0x0000000100000000)
  eden space 3584K, 100% used [0x00000000d5580000,0x00000000d5900000,0x00000000d5900000)
  from space 1536K, 99% used [0x00000000d5a80000,0x00000000d5bfc8e0,0x00000000d5c00000)
  to   space 3584K, 0% used [0x00000000d5c80000,0x00000000d5c80000,0x00000000d6000000)
 ParOldGen       total 396800K, used 396344K [0x0000000080000000, 0x0000000098380000, 0x00000000d5580000)
  object space 396800K, 99% used [0x0000000080000000,0x000000009830e3b8,0x0000000098380000)
 Metaspace       used 52080K, committed 53440K, reserved 1114112K
  class space    used 5618K, committed 6208K, reserved 1048576K
}
Event: 25.856 GC heap after
{Heap after GC invocations=274 (full 2):
 PSYoungGen      total 4096K, used 320K [0x00000000d5580000, 0x00000000d5d00000, 0x0000000100000000)
  eden space 3584K, 0% used [0x00000000d5580000,0x00000000d5580000,0x00000000d5900000)
  from space 512K, 62% used [0x00000000d5c80000,0x00000000d5cd0020,0x00000000d5d00000)
  to   space 1536K, 0% used [0x00000000d5a00000,0x00000000d5a00000,0x00000000d5b80000)
 ParOldGen       total 396800K, used 396481K [0x0000000080000000, 0x0000000098380000, 0x00000000d5580000)
  object space 396800K, 99% used [0x0000000080000000,0x00000000983304e8,0x0000000098380000)
 Metaspace       used 52080K, committed 53440K, reserved 1114112K
  class space    used 5618K, committed 6208K, reserved 1048576K
}
Event: 32.439 GC heap before
{Heap before GC invocations=275 (full 2):
 PSYoungGen      total 4096K, used 3904K [0x00000000d5580000, 0x00000000d5d00000, 0x0000000100000000)
  eden space 3584K, 100% used [0x00000000d5580000,0x00000000d5900000,0x00000000d5900000)
  from space 512K, 62% used [0x00000000d5c80000,0x00000000d5cd0020,0x00000000d5d00000)
  to   space 1536K, 0% used [0x00000000d5a00000,0x00000000d5a00000,0x00000000d5b80000)
 ParOldGen       total 396800K, used 396481K [0x0000000080000000, 0x0000000098380000, 0x00000000d5580000)
  object space 396800K, 99% used [0x0000000080000000,0x00000000983304e8,0x0000000098380000)
 Metaspace       used 52392K, committed 53696K, reserved 1114112K
  class space    used 5646K, committed 6208K, reserved 1048576K
}
Event: 32.443 GC heap after
{Heap after GC invocations=275 (full 2):
 PSYoungGen      total 5120K, used 672K [0x00000000d5580000, 0x00000000d5d00000, 0x0000000100000000)
  eden space 3584K, 0% used [0x00000000d5580000,0x00000000d5580000,0x00000000d5900000)
  from space 1536K, 43% used [0x00000000d5a00000,0x00000000d5aa8060,0x00000000d5b80000)
  to   space 1024K, 0% used [0x00000000d5c00000,0x00000000d5c00000,0x00000000d5d00000)
 ParOldGen       total 396800K, used 396633K [0x0000000080000000, 0x0000000098380000, 0x00000000d5580000)
  object space 396800K, 99% used [0x0000000080000000,0x0000000098356508,0x0000000098380000)
 Metaspace       used 52392K, committed 53696K, reserved 1114112K
  class space    used 5646K, committed 6208K, reserved 1048576K
}

